Performing C++ SOURCE FILE Test COMPILER_SUPPORT_Wshorten64to32 failed with the following output:
Change Dir: /home/jerome/Bureau/master2/visualisation/projet/build/Eigen-prefix/src/Eigen-build/CMakeFiles/CMakeTmp

Run Build Command:/usr/bin/make "cmTryCompileExec2249583920/fast"
make[3]: Entering directory `/home/jerome/Bureau/master2/visualisation/projet/build/Eigen-prefix/src/Eigen-build/CMakeFiles/CMakeTmp'
/usr/bin/make -f CMakeFiles/cmTryCompileExec2249583920.dir/build.make CMakeFiles/cmTryCompileExec2249583920.dir/build
make[4]: Entering directory `/home/jerome/Bureau/master2/visualisation/projet/build/Eigen-prefix/src/Eigen-build/CMakeFiles/CMakeTmp'
/usr/bin/cmake -E cmake_progress_report /home/jerome/Bureau/master2/visualisation/projet/build/Eigen-prefix/src/Eigen-build/CMakeFiles/CMakeTmp/CMakeFiles 1
Building CXX object CMakeFiles/cmTryCompileExec2249583920.dir/src.cxx.o
/usr/bin/c++    -pedantic -Wall -Wextra -Wundef -Wcast-align -Wchar-subscripts -Wnon-virtual-dtor -Wunused-local-typedefs -Wpointer-arith -Wwrite-strings -Wformat-security -DCOMPILER_SUPPORT_Wshorten64to32 -Werror   -Wshorten-64-to-32 -o CMakeFiles/cmTryCompileExec2249583920.dir/src.cxx.o -c /home/jerome/Bureau/master2/visualisation/projet/build/Eigen-prefix/src/Eigen-build/CMakeFiles/CMakeTmp/src.cxx
c++: error: unrecognized command line option '-Wshorten-64-to-32'
make[4]: *** [CMakeFiles/cmTryCompileExec2249583920.dir/src.cxx.o] Error 1
make[4]: Leaving directory `/home/jerome/Bureau/master2/visualisation/projet/build/Eigen-prefix/src/Eigen-build/CMakeFiles/CMakeTmp'
make[3]: *** [cmTryCompileExec2249583920/fast] Error 2
make[3]: Leaving directory `/home/jerome/Bureau/master2/visualisation/projet/build/Eigen-prefix/src/Eigen-build/CMakeFiles/CMakeTmp'

Source file was:
int main() { return 0;}
Performing C++ SOURCE FILE Test COMPILER_SUPPORT_Wenumconversion failed with the following output:
Change Dir: /home/jerome/Bureau/master2/visualisation/projet/build/Eigen-prefix/src/Eigen-build/CMakeFiles/CMakeTmp

Run Build Command:/usr/bin/make "cmTryCompileExec2068914465/fast"
make[3]: Entering directory `/home/jerome/Bureau/master2/visualisation/projet/build/Eigen-prefix/src/Eigen-build/CMakeFiles/CMakeTmp'
/usr/bin/make -f CMakeFiles/cmTryCompileExec2068914465.dir/build.make CMakeFiles/cmTryCompileExec2068914465.dir/build
make[4]: Entering directory `/home/jerome/Bureau/master2/visualisation/projet/build/Eigen-prefix/src/Eigen-build/CMakeFiles/CMakeTmp'
/usr/bin/cmake -E cmake_progress_report /home/jerome/Bureau/master2/visualisation/projet/build/Eigen-prefix/src/Eigen-build/CMakeFiles/CMakeTmp/CMakeFiles 1
Building CXX object CMakeFiles/cmTryCompileExec2068914465.dir/src.cxx.o
/usr/bin/c++    -pedantic -Wall -Wextra -Wundef -Wcast-align -Wchar-subscripts -Wnon-virtual-dtor -Wunused-local-typedefs -Wpointer-arith -Wwrite-strings -Wformat-security -DCOMPILER_SUPPORT_Wenumconversion -Werror   -Wenum-conversion -o CMakeFiles/cmTryCompileExec2068914465.dir/src.cxx.o -c /home/jerome/Bureau/master2/visualisation/projet/build/Eigen-prefix/src/Eigen-build/CMakeFiles/CMakeTmp/src.cxx
c++: error: unrecognized command line option '-Wenum-conversion'
make[4]: *** [CMakeFiles/cmTryCompileExec2068914465.dir/src.cxx.o] Error 1
make[4]: Leaving directory `/home/jerome/Bureau/master2/visualisation/projet/build/Eigen-prefix/src/Eigen-build/CMakeFiles/CMakeTmp'
make[3]: Leaving directory `/home/jerome/Bureau/master2/visualisation/projet/build/Eigen-prefix/src/Eigen-build/CMakeFiles/CMakeTmp'
make[3]: *** [cmTryCompileExec2068914465/fast] Error 2

Source file was:
int main() { return 0;}
Performing C++ SOURCE FILE Test COMPILER_SUPPORT_Wcpp11extensions failed with the following output:
Change Dir: /home/jerome/Bureau/master2/visualisation/projet/build/Eigen-prefix/src/Eigen-build/CMakeFiles/CMakeTmp

Run Build Command:/usr/bin/make "cmTryCompileExec1029459982/fast"
make[3]: Entering directory `/home/jerome/Bureau/master2/visualisation/projet/build/Eigen-prefix/src/Eigen-build/CMakeFiles/CMakeTmp'
/usr/bin/make -f CMakeFiles/cmTryCompileExec1029459982.dir/build.make CMakeFiles/cmTryCompileExec1029459982.dir/build
make[4]: Entering directory `/home/jerome/Bureau/master2/visualisation/projet/build/Eigen-prefix/src/Eigen-build/CMakeFiles/CMakeTmp'
/usr/bin/cmake -E cmake_progress_report /home/jerome/Bureau/master2/visualisation/projet/build/Eigen-prefix/src/Eigen-build/CMakeFiles/CMakeTmp/CMakeFiles 1
Building CXX object CMakeFiles/cmTryCompileExec1029459982.dir/src.cxx.o
/usr/bin/c++    -pedantic -Wall -Wextra -Wundef -Wcast-align -Wchar-subscripts -Wnon-virtual-dtor -Wunused-local-typedefs -Wpointer-arith -Wwrite-strings -Wformat-security -DCOMPILER_SUPPORT_Wcpp11extensions -Werror   -Wc++11-extensions -o CMakeFiles/cmTryCompileExec1029459982.dir/src.cxx.o -c /home/jerome/Bureau/master2/visualisation/projet/build/Eigen-prefix/src/Eigen-build/CMakeFiles/CMakeTmp/src.cxx
c++: error: unrecognized command line option '-Wc++11-extensions'
make[4]: *** [CMakeFiles/cmTryCompileExec1029459982.dir/src.cxx.o] Error 1
make[4]: Leaving directory `/home/jerome/Bureau/master2/visualisation/projet/build/Eigen-prefix/src/Eigen-build/CMakeFiles/CMakeTmp'
make[3]: *** [cmTryCompileExec1029459982/fast] Error 2
make[3]: Leaving directory `/home/jerome/Bureau/master2/visualisation/projet/build/Eigen-prefix/src/Eigen-build/CMakeFiles/CMakeTmp'

Source file was:
int main() { return 0;}
Performing C++ SOURCE FILE Test COMPILER_SUPPORT_wd981 failed with the following output:
Change Dir: /home/jerome/Bureau/master2/visualisation/projet/build/Eigen-prefix/src/Eigen-build/CMakeFiles/CMakeTmp

Run Build Command:/usr/bin/make "cmTryCompileExec3070793171/fast"
make[3]: Entering directory `/home/jerome/Bureau/master2/visualisation/projet/build/Eigen-prefix/src/Eigen-build/CMakeFiles/CMakeTmp'
/usr/bin/make -f CMakeFiles/cmTryCompileExec3070793171.dir/build.make CMakeFiles/cmTryCompileExec3070793171.dir/build
make[4]: Entering directory `/home/jerome/Bureau/master2/visualisation/projet/build/Eigen-prefix/src/Eigen-build/CMakeFiles/CMakeTmp'
/usr/bin/cmake -E cmake_progress_report /home/jerome/Bureau/master2/visualisation/projet/build/Eigen-prefix/src/Eigen-build/CMakeFiles/CMakeTmp/CMakeFiles 1
Building CXX object CMakeFiles/cmTryCompileExec3070793171.dir/src.cxx.o
/usr/bin/c++    -pedantic -Wall -Wextra -Wundef -Wcast-align -Wchar-subscripts -Wnon-virtual-dtor -Wunused-local-typedefs -Wpointer-arith -Wwrite-strings -Wformat-security -Wno-psabi -Wno-variadic-macros -Wno-long-long -fno-check-new -fno-common -fstrict-aliasing -DCOMPILER_SUPPORT_wd981 -Werror   -wd981 -o CMakeFiles/cmTryCompileExec3070793171.dir/src.cxx.o -c /home/jerome/Bureau/master2/visualisation/projet/build/Eigen-prefix/src/Eigen-build/CMakeFiles/CMakeTmp/src.cxx
c++: error: unrecognized command line option '-wd981'
make[4]: Leaving directory `/home/jerome/Bureau/master2/visualisation/projet/build/Eigen-prefix/src/Eigen-build/CMakeFiles/CMakeTmp'
make[4]: *** [CMakeFiles/cmTryCompileExec3070793171.dir/src.cxx.o] Error 1
make[3]: Leaving directory `/home/jerome/Bureau/master2/visualisation/projet/build/Eigen-prefix/src/Eigen-build/CMakeFiles/CMakeTmp'
make[3]: *** [cmTryCompileExec3070793171/fast] Error 2

Source file was:
int main() { return 0;}
Performing C++ SOURCE FILE Test COMPILER_SUPPORT_wd2304 failed with the following output:
Change Dir: /home/jerome/Bureau/master2/visualisation/projet/build/Eigen-prefix/src/Eigen-build/CMakeFiles/CMakeTmp

Run Build Command:/usr/bin/make "cmTryCompileExec2810966808/fast"
make[3]: Entering directory `/home/jerome/Bureau/master2/visualisation/projet/build/Eigen-prefix/src/Eigen-build/CMakeFiles/CMakeTmp'
/usr/bin/make -f CMakeFiles/cmTryCompileExec2810966808.dir/build.make CMakeFiles/cmTryCompileExec2810966808.dir/build
make[4]: Entering directory `/home/jerome/Bureau/master2/visualisation/projet/build/Eigen-prefix/src/Eigen-build/CMakeFiles/CMakeTmp'
/usr/bin/cmake -E cmake_progress_report /home/jerome/Bureau/master2/visualisation/projet/build/Eigen-prefix/src/Eigen-build/CMakeFiles/CMakeTmp/CMakeFiles 1
Building CXX object CMakeFiles/cmTryCompileExec2810966808.dir/src.cxx.o
/usr/bin/c++    -pedantic -Wall -Wextra -Wundef -Wcast-align -Wchar-subscripts -Wnon-virtual-dtor -Wunused-local-typedefs -Wpointer-arith -Wwrite-strings -Wformat-security -Wno-psabi -Wno-variadic-macros -Wno-long-long -fno-check-new -fno-common -fstrict-aliasing -DCOMPILER_SUPPORT_wd2304 -Werror   -wd2304 -o CMakeFiles/cmTryCompileExec2810966808.dir/src.cxx.o -c /home/jerome/Bureau/master2/visualisation/projet/build/Eigen-prefix/src/Eigen-build/CMakeFiles/CMakeTmp/src.cxx
c++: error: unrecognized command line option '-wd2304'
make[4]: Leaving directory `/home/jerome/Bureau/master2/visualisation/projet/build/Eigen-prefix/src/Eigen-build/CMakeFiles/CMakeTmp'
make[4]: *** [CMakeFiles/cmTryCompileExec2810966808.dir/src.cxx.o] Error 1
make[3]: Leaving directory `/home/jerome/Bureau/master2/visualisation/projet/build/Eigen-prefix/src/Eigen-build/CMakeFiles/CMakeTmp'
make[3]: *** [cmTryCompileExec2810966808/fast] Error 2

Source file was:
int main() { return 0;}
Performing C++ SOURCE FILE Test COMPILER_SUPPORT_STRICTANSI failed with the following output:
Change Dir: /home/jerome/Bureau/master2/visualisation/projet/build/Eigen-prefix/src/Eigen-build/CMakeFiles/CMakeTmp

Run Build Command:/usr/bin/make "cmTryCompileExec3280759642/fast"
make[3]: Entering directory `/home/jerome/Bureau/master2/visualisation/projet/build/Eigen-prefix/src/Eigen-build/CMakeFiles/CMakeTmp'
/usr/bin/make -f CMakeFiles/cmTryCompileExec3280759642.dir/build.make CMakeFiles/cmTryCompileExec3280759642.dir/build
make[4]: Entering directory `/home/jerome/Bureau/master2/visualisation/projet/build/Eigen-prefix/src/Eigen-build/CMakeFiles/CMakeTmp'
/usr/bin/cmake -E cmake_progress_report /home/jerome/Bureau/master2/visualisation/projet/build/Eigen-prefix/src/Eigen-build/CMakeFiles/CMakeTmp/CMakeFiles 1
Building CXX object CMakeFiles/cmTryCompileExec3280759642.dir/src.cxx.o
/usr/bin/c++    -pedantic -Wall -Wextra -Wundef -Wcast-align -Wchar-subscripts -Wnon-virtual-dtor -Wunused-local-typedefs -Wpointer-arith -Wwrite-strings -Wformat-security -Wno-psabi -Wno-variadic-macros -Wno-long-long -fno-check-new -fno-common -fstrict-aliasing -DCOMPILER_SUPPORT_STRICTANSI -Werror   -strict-ansi -o CMakeFiles/cmTryCompileExec3280759642.dir/src.cxx.o -c /home/jerome/Bureau/master2/visualisation/projet/build/Eigen-prefix/src/Eigen-build/CMakeFiles/CMakeTmp/src.cxx
c++: error: unrecognized command line option '-strict-ansi'
make[4]: Leaving directory `/home/jerome/Bureau/master2/visualisation/projet/build/Eigen-prefix/src/Eigen-build/CMakeFiles/CMakeTmp'
make[4]: *** [CMakeFiles/cmTryCompileExec3280759642.dir/src.cxx.o] Error 1
make[3]: Leaving directory `/home/jerome/Bureau/master2/visualisation/projet/build/Eigen-prefix/src/Eigen-build/CMakeFiles/CMakeTmp'
make[3]: *** [cmTryCompileExec3280759642/fast] Error 2

Source file was:
int main() { return 0;}
Performing C++ SOURCE FILE Test COMPILER_SUPPORT_Qunusedarguments failed with the following output:
Change Dir: /home/jerome/Bureau/master2/visualisation/projet/build/Eigen-prefix/src/Eigen-build/CMakeFiles/CMakeTmp

Run Build Command:/usr/bin/make "cmTryCompileExec4259162768/fast"
make[3]: Entering directory `/home/jerome/Bureau/master2/visualisation/projet/build/Eigen-prefix/src/Eigen-build/CMakeFiles/CMakeTmp'
/usr/bin/make -f CMakeFiles/cmTryCompileExec4259162768.dir/build.make CMakeFiles/cmTryCompileExec4259162768.dir/build
make[4]: Entering directory `/home/jerome/Bureau/master2/visualisation/projet/build/Eigen-prefix/src/Eigen-build/CMakeFiles/CMakeTmp'
/usr/bin/cmake -E cmake_progress_report /home/jerome/Bureau/master2/visualisation/projet/build/Eigen-prefix/src/Eigen-build/CMakeFiles/CMakeTmp/CMakeFiles 1
Building CXX object CMakeFiles/cmTryCompileExec4259162768.dir/src.cxx.o
/usr/bin/c++    -pedantic -Wall -Wextra -Wundef -Wcast-align -Wchar-subscripts -Wnon-virtual-dtor -Wunused-local-typedefs -Wpointer-arith -Wwrite-strings -Wformat-security -Wno-psabi -Wno-variadic-macros -Wno-long-long -fno-check-new -fno-common -fstrict-aliasing -DCOMPILER_SUPPORT_Qunusedarguments -Werror   -Qunused-arguments -o CMakeFiles/cmTryCompileExec4259162768.dir/src.cxx.o -c /home/jerome/Bureau/master2/visualisation/projet/build/Eigen-prefix/src/Eigen-build/CMakeFiles/CMakeTmp/src.cxx
c++: error: unrecognized command line option '-Qunused-arguments'
make[4]: Leaving directory `/home/jerome/Bureau/master2/visualisation/projet/build/Eigen-prefix/src/Eigen-build/CMakeFiles/CMakeTmp'
make[4]: *** [CMakeFiles/cmTryCompileExec4259162768.dir/src.cxx.o] Error 1
make[3]: Leaving directory `/home/jerome/Bureau/master2/visualisation/projet/build/Eigen-prefix/src/Eigen-build/CMakeFiles/CMakeTmp'
make[3]: *** [cmTryCompileExec4259162768/fast] Error 2

Source file was:
int main() { return 0;}
Determining if the pthread_create exist failed with the following output:
Change Dir: /home/jerome/Bureau/master2/visualisation/projet/build/Eigen-prefix/src/Eigen-build/CMakeFiles/CMakeTmp

Run Build Command:/usr/bin/make "cmTryCompileExec2871197764/fast"
make[3]: entrant dans le répertoire « /home/jerome/Bureau/master2/visualisation/projet/build/Eigen-prefix/src/Eigen-build/CMakeFiles/CMakeTmp »
/usr/bin/make -f CMakeFiles/cmTryCompileExec2871197764.dir/build.make CMakeFiles/cmTryCompileExec2871197764.dir/build
make[4]: entrant dans le répertoire « /home/jerome/Bureau/master2/visualisation/projet/build/Eigen-prefix/src/Eigen-build/CMakeFiles/CMakeTmp »
/usr/bin/cmake -E cmake_progress_report /home/jerome/Bureau/master2/visualisation/projet/build/Eigen-prefix/src/Eigen-build/CMakeFiles/CMakeTmp/CMakeFiles 1
Building C object CMakeFiles/cmTryCompileExec2871197764.dir/CheckSymbolExists.c.o
/usr/bin/cc    -o CMakeFiles/cmTryCompileExec2871197764.dir/CheckSymbolExists.c.o   -c /home/jerome/Bureau/master2/visualisation/projet/build/Eigen-prefix/src/Eigen-build/CMakeFiles/CMakeTmp/CheckSymbolExists.c
Linking C executable cmTryCompileExec2871197764
/usr/bin/cmake -E cmake_link_script CMakeFiles/cmTryCompileExec2871197764.dir/link.txt --verbose=1
/usr/bin/cc       CMakeFiles/cmTryCompileExec2871197764.dir/CheckSymbolExists.c.o  -o cmTryCompileExec2871197764 -rdynamic 
CMakeFiles/cmTryCompileExec2871197764.dir/CheckSymbolExists.c.o: dans la fonction « main »:
CheckSymbolExists.c:(.text+0x16): référence indéfinie vers « pthread_create »
collect2: error: ld returned 1 exit status
make[4]: *** [cmTryCompileExec2871197764] Erreur 1
make[4]: quittant le répertoire « /home/jerome/Bureau/master2/visualisation/projet/build/Eigen-prefix/src/Eigen-build/CMakeFiles/CMakeTmp »
make[3]: *** [cmTryCompileExec2871197764/fast] Erreur 2
make[3]: quittant le répertoire « /home/jerome/Bureau/master2/visualisation/projet/build/Eigen-prefix/src/Eigen-build/CMakeFiles/CMakeTmp »

File /home/jerome/Bureau/master2/visualisation/projet/build/Eigen-prefix/src/Eigen-build/CMakeFiles/CMakeTmp/CheckSymbolExists.c:
/* */
#include <pthread.h>

int main(int argc, char** argv)
{
  (void)argv;
#ifndef pthread_create
  return ((int*)(&pthread_create))[argc];
#else
  (void)argc;
  return 0;
#endif
}

Determining if the function pthread_create exists in the pthreads failed with the following output:
Change Dir: /home/jerome/Bureau/master2/visualisation/projet/build/Eigen-prefix/src/Eigen-build/CMakeFiles/CMakeTmp

Run Build Command:/usr/bin/make "cmTryCompileExec2020818260/fast"
make[3]: entrant dans le répertoire « /home/jerome/Bureau/master2/visualisation/projet/build/Eigen-prefix/src/Eigen-build/CMakeFiles/CMakeTmp »
/usr/bin/make -f CMakeFiles/cmTryCompileExec2020818260.dir/build.make CMakeFiles/cmTryCompileExec2020818260.dir/build
make[4]: entrant dans le répertoire « /home/jerome/Bureau/master2/visualisation/projet/build/Eigen-prefix/src/Eigen-build/CMakeFiles/CMakeTmp »
/usr/bin/cmake -E cmake_progress_report /home/jerome/Bureau/master2/visualisation/projet/build/Eigen-prefix/src/Eigen-build/CMakeFiles/CMakeTmp/CMakeFiles 1
Building C object CMakeFiles/cmTryCompileExec2020818260.dir/CheckFunctionExists.c.o
/usr/bin/cc   -DCHECK_FUNCTION_EXISTS=pthread_create   -o CMakeFiles/cmTryCompileExec2020818260.dir/CheckFunctionExists.c.o   -c /usr/share/cmake-2.8/Modules/CheckFunctionExists.c
Linking C executable cmTryCompileExec2020818260
/usr/bin/cmake -E cmake_link_script CMakeFiles/cmTryCompileExec2020818260.dir/link.txt --verbose=1
/usr/bin/cc   -DCHECK_FUNCTION_EXISTS=pthread_create    CMakeFiles/cmTryCompileExec2020818260.dir/CheckFunctionExists.c.o  -o cmTryCompileExec2020818260 -rdynamic -lpthreads 
/usr/bin/ld: ne peut trouver -lpthreads
collect2: error: ld returned 1 exit status
make[4]: *** [cmTryCompileExec2020818260] Erreur 1
make[4]: quittant le répertoire « /home/jerome/Bureau/master2/visualisation/projet/build/Eigen-prefix/src/Eigen-build/CMakeFiles/CMakeTmp »
make[3]: quittant le répertoire « /home/jerome/Bureau/master2/visualisation/projet/build/Eigen-prefix/src/Eigen-build/CMakeFiles/CMakeTmp »
make[3]: *** [cmTryCompileExec2020818260/fast] Erreur 2


